{
  "/Users/revone/projects/data-structure-typed-individuals/min-priority-queue-typed/src/index.ts": {
    "path": "/Users/revone/projects/data-structure-typed-individuals/min-priority-queue-typed/src/index.ts",
    "statementMap": {
      "0": {
        "start": {
          "line": 8,
          "column": 0
        },
        "end": {
          "line": 8,
          "column": 9
        }
      },
      "1": {
        "start": {
          "line": 8,
          "column": 9
        },
        "end": {
          "line": 8,
          "column": 56
        }
      }
    },
    "fnMap": {
      "0": {
        "name": "(anonymous_0)",
        "decl": {
          "start": {
            "line": 8,
            "column": 9
          },
          "end": {
            "line": 8,
            "column": 25
          }
        },
        "loc": {
          "start": {
            "line": 8,
            "column": 9
          },
          "end": {
            "line": 8,
            "column": 56
          }
        }
      }
    },
    "branchMap": {},
    "s": {
      "0": 1,
      "1": 7
    },
    "f": {
      "0": 6
    },
    "b": {}
  }
}
