<?xml version="1.0" encoding="UTF-8"?>
<coverage generated="1696760617183" clover="3.2.0">
    <project timestamp="1696760617183" name="All files">
        <metrics statements="1" coveredstatements="1" conditionals="0" coveredconditionals="0" methods="2"
                 coveredmethods="1" elements="3" coveredelements="2" complexity="0" loc="1" ncloc="1" packages="1"
                 files="1" classes="1"/>
        <file name="index.ts"
              path="/Users/revone/projects/data-structure-typed-individuals/singly-linked-list-typed/src/index.ts">
            <metrics statements="1" coveredstatements="1" conditionals="0" coveredconditionals="0" methods="2"
                     coveredmethods="1"/>
            <line num="8" count="88" type="stmt"/>
        </file>
    </project>
</coverage>
