{"/Users/revone/projects/data-structure-typed-individuals/bst-typed/src/index.ts": {"path":"/Users/revone/projects/data-structure-typed-individuals/bst-typed/src/index.ts","statementMap":{"0":{"start":{"line":8,"column":0},"end":{"line":8,"column":9}},"1":{"start":{"line":8,"column":9},"end":{"line":8,"column":18}},"2":{"start":{"line":8,"column":18},"end":{"line":8,"column":52}}},"fnMap":{"0":{"name":"(anonymous_0)","decl":{"start":{"line":8,"column":9},"end":{"line":8,"column":16}},"loc":{"start":{"line":8,"column":9},"end":{"line":8,"column":18}}},"1":{"name":"(anonymous_1)","decl":{"start":{"line":8,"column":18},"end":{"line":8,"column":21}},"loc":{"start":{"line":8,"column":18},"end":{"line":8,"column":52}}}},"branchMap":{},"s":{"0":1,"1":7,"2":5},"f":{"0":6,"1":4},"b":{}}
}
