{
  "/Users/revone/projects/data-structure-typed-individuals/directed-graph-typed/src/index.ts": {
    "path": "/Users/revone/projects/data-structure-typed-individuals/directed-graph-typed/src/index.ts",
    "statementMap": {
      "0": {
        "start": {
          "line": 8,
          "column": 0
        },
        "end": {
          "line": 8,
          "column": 9
        }
      },
      "1": {
        "start": {
          "line": 8,
          "column": 9
        },
        "end": {
          "line": 8,
          "column": 25
        }
      },
      "2": {
        "start": {
          "line": 8,
          "column": 25
        },
        "end": {
          "line": 8,
          "column": 39
        }
      },
      "3": {
        "start": {
          "line": 8,
          "column": 39
        },
        "end": {
          "line": 8,
          "column": 93
        }
      }
    },
    "fnMap": {
      "0": {
        "name": "(anonymous_0)",
        "decl": {
          "start": {
            "line": 8,
            "column": 9
          },
          "end": {
            "line": 8,
            "column": 23
          }
        },
        "loc": {
          "start": {
            "line": 8,
            "column": 9
          },
          "end": {
            "line": 8,
            "column": 25
          }
        }
      },
      "1": {
        "name": "(anonymous_1)",
        "decl": {
          "start": {
            "line": 8,
            "column": 25
          },
          "end": {
            "line": 8,
            "column": 37
          }
        },
        "loc": {
          "start": {
            "line": 8,
            "column": 25
          },
          "end": {
            "line": 8,
            "column": 39
          }
        }
      },
      "2": {
        "name": "(anonymous_2)",
        "decl": {
          "start": {
            "line": 8,
            "column": 39
          },
          "end": {
            "line": 8,
            "column": 52
          }
        },
        "loc": {
          "start": {
            "line": 8,
            "column": 39
          },
          "end": {
            "line": 8,
            "column": 93
          }
        }
      }
    },
    "branchMap": {},
    "s": {
      "0": 1,
      "1": 11,
      "2": 6,
      "3": 6
    },
    "f": {
      "0": 10,
      "1": 5,
      "2": 5
    },
    "b": {}
  }
}
