{"/Users/revone/projects/data-structure-typed-individuals/linked-list-typed/src/index.ts": {"path":"/Users/revone/projects/data-structure-typed-individuals/linked-list-typed/src/index.ts","statementMap":{"0":{"start":{"line":8,"column":0},"end":{"line":8,"column":9}},"1":{"start":{"line":8,"column":9},"end":{"line":8,"column":31}},"2":{"start":{"line":8,"column":31},"end":{"line":8,"column":49}},"3":{"start":{"line":8,"column":49},"end":{"line":8,"column":71}},"4":{"start":{"line":8,"column":71},"end":{"line":8,"column":118}}},"fnMap":{"0":{"name":"(anonymous_0)","decl":{"start":{"line":8,"column":9},"end":{"line":8,"column":29}},"loc":{"start":{"line":8,"column":9},"end":{"line":8,"column":31}}},"1":{"name":"(anonymous_1)","decl":{"start":{"line":8,"column":31},"end":{"line":8,"column":47}},"loc":{"start":{"line":8,"column":31},"end":{"line":8,"column":49}}},"2":{"name":"(anonymous_2)","decl":{"start":{"line":8,"column":49},"end":{"line":8,"column":69}},"loc":{"start":{"line":8,"column":49},"end":{"line":8,"column":71}}},"3":{"name":"(anonymous_3)","decl":{"start":{"line":8,"column":71},"end":{"line":8,"column":87}},"loc":{"start":{"line":8,"column":71},"end":{"line":8,"column":118}}}},"branchMap":{},"s":{"0":1,"1":1,"2":1,"3":1,"4":88},"f":{"0":0,"1":0,"2":0,"3":87},"b":{}}
}
